[debug] [2023-06-29T10:20:04.837Z] ----------------------------------------------------------------------
[debug] [2023-06-29T10:20:04.839Z] Command:       C:\Program Files\nodejs\node.exe C:\Users\USER\AppData\Roaming\npm\node_modules\firebase-tools\lib\bin\firebase.js init
[debug] [2023-06-29T10:20:04.839Z] CLI Version:   12.4.0
[debug] [2023-06-29T10:20:04.840Z] Platform:      win32
[debug] [2023-06-29T10:20:04.840Z] Node Version:  v18.16.0
[debug] [2023-06-29T10:20:04.840Z] Time:          Thu Jun 29 2023 15:50:04 GMT+0530 (India Standard Time)
[debug] [2023-06-29T10:20:04.841Z] ----------------------------------------------------------------------
[debug] 
[debug] [2023-06-29T10:20:04.848Z] > command requires scopes: ["email","openid","https://www.googleapis.com/auth/cloudplatformprojects.readonly","https://www.googleapis.com/auth/firebase","https://www.googleapis.com/auth/cloud-platform"]
[debug] [2023-06-29T10:20:04.849Z] > authorizing via signed-in user (prasathkarthiban1999@gmail.com)
[info] 
     ######## #### ########  ######## ########     ###     ######  ########
     ##        ##  ##     ## ##       ##     ##  ##   ##  ##       ##
     ######    ##  ########  ######   ########  #########  ######  ######
     ##        ##  ##    ##  ##       ##     ## ##     ##       ## ##
     ##       #### ##     ## ######## ########  ##     ##  ######  ########

You're about to initialize a Firebase project in this directory:

  C:\Users\USER\Desktop\Projects\firebase-crud-app

[info] 
=== Project Setup
[info] 
[info] First, let's associate this project directory with a Firebase project.
[info] You can create multiple project aliases by running firebase use --add, 
[info] but for now we'll just set up a default project.
[info] 
[debug] [2023-06-29T10:21:30.828Z] >>> [apiv2][query] GET https://firebase.googleapis.com/v1beta1/projects pageSize=100
[debug] [2023-06-29T10:21:31.525Z] <<< [apiv2][status] GET https://firebase.googleapis.com/v1beta1/projects 200
[debug] [2023-06-29T10:21:31.525Z] <<< [apiv2][body] GET https://firebase.googleapis.com/v1beta1/projects [omitted]
[info] i  Using project project-alpha-phase-1 (Project alpha) 
[info] 
=== Hosting Setup
[info] 
[info] Your public directory is the folder (relative to your project directory) that
[info] will contain Hosting assets to be uploaded with firebase deploy. If you
[info] have a build process for your assets, use your build's output directory.
[info] 
[info] +  Wrote public/404.html 
[debug] [2023-06-29T10:22:46.115Z] >>> [apiv2][query] GET https://www.gstatic.com/firebasejs/releases.json [none]
[debug] [2023-06-29T10:22:46.171Z] <<< [apiv2][status] GET https://www.gstatic.com/firebasejs/releases.json 200
[debug] [2023-06-29T10:22:46.171Z] <<< [apiv2][body] GET https://www.gstatic.com/firebasejs/releases.json {"current":{"version":"9.23.0","browserURL":"https://www.gstatic.com/firebasejs/9.23.0/firebase.js","packageURL":"https://www.gstatic.com/firebasejs/9.23.0/firebase.tgz"},"live":{"version":"9.23","browserURL":"https://www.gstatic.com/firebasejs/live/9.23/firebase.js","packageURL":"https://www.gstatic.com/firebasejs/live/9.23/firebase.tgz"},"components":{"analytics":"https://www.gstatic.com/firebasejs/9.23.0/firebase-analytics.js","app":"https://www.gstatic.com/firebasejs/9.23.0/firebase-app.js","app-check":"https://www.gstatic.com/firebasejs/9.23.0/firebase-app-check.js","auth":"https://www.gstatic.com/firebasejs/9.23.0/firebase-auth.js","auth/cordova":"https://www.gstatic.com/firebasejs/9.23.0/firebase-auth/cordova.js","auth/react-native":"https://www.gstatic.com/firebasejs/9.23.0/firebase-auth/react-native.js","functions":"https://www.gstatic.com/firebasejs/9.23.0/firebase-functions.js","firestore":"https://www.gstatic.com/firebasejs/9.23.0/firebase-firestore.js","firestore/lite":"https://www.gstatic.com/firebasejs/9.23.0/firebase-firestore/lite.js","installations":"https://www.gstatic.com/firebasejs/9.23.0/firebase-installations.js","storage":"https://www.gstatic.com/firebasejs/9.23.0/firebase-storage.js","performance":"https://www.gstatic.com/firebasejs/9.23.0/firebase-performance.js","remote-config":"https://www.gstatic.com/firebasejs/9.23.0/firebase-remote-config.js","messaging":"https://www.gstatic.com/firebasejs/9.23.0/firebase-messaging.js","messaging/sw":"https://www.gstatic.com/firebasejs/9.23.0/firebase-messaging/sw.js","database":"https://www.gstatic.com/firebasejs/9.23.0/firebase-database.js","firestore.memory":"https://www.gstatic.com/firebasejs/9.23.0/firebase-firestore.memory.js"}}
[info] +  Wrote public/index.html 
[info] 
[info] i  Detected a .git folder at C:\Users\USER\Desktop\Projects\firebase-crud-app 
[info] i  Authorizing with GitHub to upload your service account to a GitHub repository's secrets store. 
[info] 
[info] Visit this URL on this device to log in:
[info] https://github.com/login/oauth/authorize?client_id=89cf50f02ac6aaed3484&state=870099141&redirect_uri=http%3A%2F%2Flocalhost%3A9005&scope=read%3Auser%20repo%20public_repo
[info] 
[info] Waiting for authentication...
[debug] [2023-06-29T10:22:55.740Z] >>> [apiv2][query] POST https://github.com/login/oauth/access_token [none]
[debug] [2023-06-29T10:22:55.740Z] >>> [apiv2][body] POST https://github.com/login/oauth/access_token [stream]
[debug] [2023-06-29T10:22:56.162Z] <<< [apiv2][status] POST https://github.com/login/oauth/access_token 200
[debug] [2023-06-29T10:22:56.163Z] <<< [apiv2][body] POST https://github.com/login/oauth/access_token {"access_token":"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","token_type":"bearer","scope":"read:user,repo"}
[debug] [2023-06-29T10:22:56.191Z] >>> [apiv2][query] GET https://api.github.com/user [none]
[debug] [2023-06-29T10:22:56.591Z] <<< [apiv2][status] GET https://api.github.com/user 200
[debug] [2023-06-29T10:22:56.591Z] <<< [apiv2][body] GET https://api.github.com/user {"login":"Pr454th","id":93435120,"node_id":"U_kgDOBZG08A","avatar_url":"https://avatars.githubusercontent.com/u/93435120?v=4","gravatar_id":"","url":"https://api.github.com/users/Pr454th","html_url":"https://github.com/Pr454th","followers_url":"https://api.github.com/users/Pr454th/followers","following_url":"https://api.github.com/users/Pr454th/following{/other_user}","gists_url":"https://api.github.com/users/Pr454th/gists{/gist_id}","starred_url":"https://api.github.com/users/Pr454th/starred{/owner}{/repo}","subscriptions_url":"https://api.github.com/users/Pr454th/subscriptions","organizations_url":"https://api.github.com/users/Pr454th/orgs","repos_url":"https://api.github.com/users/Pr454th/repos","events_url":"https://api.github.com/users/Pr454th/events{/privacy}","received_events_url":"https://api.github.com/users/Pr454th/received_events","type":"User","site_admin":false,"name":"Prasath K","company":null,"blog":"","location":null,"email":null,"hireable":null,"bio":"Hello! I am a third-year IT student with a passion for web development. I am skilled in both front-end and back-end web development technologies.","twitter_username":null,"public_repos":41,"public_gists":0,"followers":15,"following":15,"created_at":"2021-10-30T13:12:57Z","updated_at":"2023-06-25T08:17:09Z","private_gists":0,"total_private_repos":5,"owned_private_repos":3,"disk_usage":125853,"collaborators":0,"two_factor_authentication":false,"plan":{"name":"pro","space":976562499,"collaborators":0,"private_repos":9999}}
[info] 
[info] +  Success! Logged into GitHub as Pr454th 
[info] 
